c:\users\tsfeir\documents\github\escape-the-dungeon\escape t.0dfcbe30\x64\release\vc143.pdb
c:\users\tsfeir\documents\github\escape-the-dungeon\escape t.0dfcbe30\x64\release\potion.obj
c:\users\tsfeir\documents\github\escape-the-dungeon\escape t.0dfcbe30\x64\release\player.obj
c:\users\tsfeir\documents\github\escape-the-dungeon\escape t.0dfcbe30\x64\release\patrol.obj
c:\users\tsfeir\documents\github\escape-the-dungeon\escape t.0dfcbe30\x64\release\objets.obj
c:\users\tsfeir\documents\github\escape-the-dungeon\escape t.0dfcbe30\x64\release\manager.obj
c:\users\tsfeir\documents\github\escape-the-dungeon\escape t.0dfcbe30\x64\release\key.obj
c:\users\tsfeir\documents\github\escape-the-dungeon\escape t.0dfcbe30\x64\release\interactable.obj
c:\users\tsfeir\documents\github\escape-the-dungeon\escape t.0dfcbe30\x64\release\game.obj
c:\users\tsfeir\documents\github\escape-the-dungeon\escape t.0dfcbe30\x64\release\escape the dungeon.obj
c:\users\tsfeir\documents\github\escape-the-dungeon\escape t.0dfcbe30\x64\release\entity.obj
c:\users\tsfeir\documents\github\escape-the-dungeon\escape t.0dfcbe30\x64\release\enemy.obj
c:\users\tsfeir\documents\github\escape-the-dungeon\escape t.0dfcbe30\x64\release\chaser.obj
c:\users\tsfeir\documents\github\escape-the-dungeon\escape t.0dfcbe30\x64\release\map.obj
c:\users\tsfeir\documents\github\escape-the-dungeon\escape t.0dfcbe30\x64\release\walls.obj
c:\users\tsfeir\documents\github\escape-the-dungeon\escape t.0dfcbe30\x64\release\floor.obj
c:\users\tsfeir\documents\github\escape-the-dungeon\escape t.0dfcbe30\x64\release\door.obj
c:\users\tsfeir\documents\github\escape-the-dungeon\x64\release\escape the dungeon.exe
c:\users\tsfeir\documents\github\escape-the-dungeon\x64\release\escape the dungeon.pdb
c:\users\tsfeir\documents\github\escape-the-dungeon\escape t.0dfcbe30\x64\release\escape the dungeon.ipdb
c:\users\tsfeir\documents\github\escape-the-dungeon\escape t.0dfcbe30\x64\release\escape the dungeon.iobj
c:\users\tsfeir\documents\github\escape-the-dungeon\escape t.0dfcbe30\x64\release\escape t.0dfcbe30.tlog\cl.command.1.tlog
c:\users\tsfeir\documents\github\escape-the-dungeon\escape t.0dfcbe30\x64\release\escape t.0dfcbe30.tlog\cl.items.tlog
c:\users\tsfeir\documents\github\escape-the-dungeon\escape t.0dfcbe30\x64\release\escape t.0dfcbe30.tlog\cl.read.1.tlog
c:\users\tsfeir\documents\github\escape-the-dungeon\escape t.0dfcbe30\x64\release\escape t.0dfcbe30.tlog\cl.write.1.tlog
c:\users\tsfeir\documents\github\escape-the-dungeon\escape t.0dfcbe30\x64\release\escape t.0dfcbe30.tlog\link.command.1.tlog
c:\users\tsfeir\documents\github\escape-the-dungeon\escape t.0dfcbe30\x64\release\escape t.0dfcbe30.tlog\link.read.1.tlog
c:\users\tsfeir\documents\github\escape-the-dungeon\escape t.0dfcbe30\x64\release\escape t.0dfcbe30.tlog\link.secondary.1.tlog
c:\users\tsfeir\documents\github\escape-the-dungeon\escape t.0dfcbe30\x64\release\escape t.0dfcbe30.tlog\link.write.1.tlog
